<?xml version="1.0" encoding="UTF-8"?>
<testsuite name="com.ksh.exam.springpractice1.Springpractice1ApplicationTests" tests="3" skipped="0" failures="0" errors="0" timestamp="2023-08-18T07:08:55" hostname="DESKTOP-T4VILT1" time="1.122">
  <properties/>
  <testcase name="기본 쓰기 테스트" classname="com.ksh.exam.springpractice1.Springpractice1ApplicationTests" time="1.084"/>
  <testcase name="기본 읽기 테스트" classname="com.ksh.exam.springpractice1.Springpractice1ApplicationTests" time="0.019"/>
  <testcase name="article 단건 조회" classname="com.ksh.exam.springpractice1.Springpractice1ApplicationTests" time="0.014"/>
  <system-out><![CDATA[16:08:46.448 [Test worker] DEBUG org.springframework.test.context.BootstrapUtils - Instantiating CacheAwareContextLoaderDelegate from class [org.springframework.test.context.cache.DefaultCacheAwareContextLoaderDelegate]
16:08:46.474 [Test worker] DEBUG org.springframework.test.context.BootstrapUtils - Instantiating BootstrapContext using constructor [public org.springframework.test.context.support.DefaultBootstrapContext(java.lang.Class,org.springframework.test.context.CacheAwareContextLoaderDelegate)]
16:08:46.546 [Test worker] DEBUG org.springframework.test.context.BootstrapUtils - Instantiating TestContextBootstrapper for test class [com.ksh.exam.springpractice1.Springpractice1ApplicationTests] from class [org.springframework.boot.test.context.SpringBootTestContextBootstrapper]
16:08:46.567 [Test worker] INFO org.springframework.boot.test.context.SpringBootTestContextBootstrapper - Neither @ContextConfiguration nor @ContextHierarchy found for test class [com.ksh.exam.springpractice1.Springpractice1ApplicationTests], using SpringBootContextLoader
16:08:46.576 [Test worker] DEBUG org.springframework.test.context.support.AbstractContextLoader - Did not detect default resource location for test class [com.ksh.exam.springpractice1.Springpractice1ApplicationTests]: class path resource [com/ksh/exam/springpractice1/Springpractice1ApplicationTests-context.xml] does not exist
16:08:46.577 [Test worker] DEBUG org.springframework.test.context.support.AbstractContextLoader - Did not detect default resource location for test class [com.ksh.exam.springpractice1.Springpractice1ApplicationTests]: class path resource [com/ksh/exam/springpractice1/Springpractice1ApplicationTestsContext.groovy] does not exist
16:08:46.578 [Test worker] INFO org.springframework.test.context.support.AbstractContextLoader - Could not detect default resource locations for test class [com.ksh.exam.springpractice1.Springpractice1ApplicationTests]: no resource found for suffixes {-context.xml, Context.groovy}.
16:08:46.581 [Test worker] INFO org.springframework.test.context.support.AnnotationConfigContextLoaderUtils - Could not detect default configuration classes for test class [com.ksh.exam.springpractice1.Springpractice1ApplicationTests]: Springpractice1ApplicationTests does not declare any static, non-private, non-final, nested classes annotated with @Configuration.
16:08:46.694 [Test worker] DEBUG org.springframework.test.context.support.ActiveProfilesUtils - Could not find an 'annotation declaring class' for annotation type [org.springframework.test.context.ActiveProfiles] and class [com.ksh.exam.springpractice1.Springpractice1ApplicationTests]
16:08:46.832 [Test worker] DEBUG org.springframework.context.annotation.ClassPathScanningCandidateComponentProvider - Identified candidate component class: file [D:\Documents\CODING\springpractice1\build\classes\java\main\com\ksh\exam\springpractice1\Springpractice1Application.class]
16:08:46.836 [Test worker] INFO org.springframework.boot.test.context.SpringBootTestContextBootstrapper - Found @SpringBootConfiguration com.ksh.exam.springpractice1.Springpractice1Application for test class com.ksh.exam.springpractice1.Springpractice1ApplicationTests
16:08:47.096 [Test worker] DEBUG org.springframework.boot.test.context.SpringBootTestContextBootstrapper - @TestExecutionListeners is not present for class [com.ksh.exam.springpractice1.Springpractice1ApplicationTests]: using defaults.
16:08:47.097 [Test worker] INFO org.springframework.boot.test.context.SpringBootTestContextBootstrapper - Loaded default TestExecutionListener class names from location [META-INF/spring.factories]: [org.springframework.security.test.context.support.WithSecurityContextTestExecutionListener, org.springframework.security.test.context.support.ReactorContextTestExecutionListener, org.springframework.boot.test.autoconfigure.restdocs.RestDocsTestExecutionListener, org.springframework.boot.test.autoconfigure.web.client.MockRestServiceServerResetTestExecutionListener, org.springframework.boot.test.autoconfigure.web.servlet.MockMvcPrintOnlyOnFailureTestExecutionListener, org.springframework.boot.test.autoconfigure.web.servlet.WebDriverTestExecutionListener, org.springframework.boot.test.autoconfigure.webservices.client.MockWebServiceServerTestExecutionListener, org.springframework.boot.test.mock.mockito.MockitoTestExecutionListener, org.springframework.boot.test.mock.mockito.ResetMocksTestExecutionListener, org.springframework.test.context.web.ServletTestExecutionListener, org.springframework.test.context.support.DirtiesContextBeforeModesTestExecutionListener, org.springframework.test.context.event.ApplicationEventsTestExecutionListener, org.springframework.test.context.support.DependencyInjectionTestExecutionListener, org.springframework.test.context.support.DirtiesContextTestExecutionListener, org.springframework.test.context.transaction.TransactionalTestExecutionListener, org.springframework.test.context.jdbc.SqlScriptsTestExecutionListener, org.springframework.test.context.event.EventPublishingTestExecutionListener]
16:08:47.140 [Test worker] INFO org.springframework.boot.test.context.SpringBootTestContextBootstrapper - Using TestExecutionListeners: [org.springframework.test.context.web.ServletTestExecutionListener@60fa3495, org.springframework.test.context.support.DirtiesContextBeforeModesTestExecutionListener@3e2822, org.springframework.test.context.event.ApplicationEventsTestExecutionListener@79e18e38, org.springframework.boot.test.mock.mockito.MockitoTestExecutionListener@29a60c27, org.springframework.boot.test.autoconfigure.SpringBootDependencyInjectionTestExecutionListener@1849db1a, org.springframework.test.context.support.DirtiesContextTestExecutionListener@69c79f09, org.springframework.test.context.transaction.TransactionalTestExecutionListener@1ca25c47, org.springframework.test.context.jdbc.SqlScriptsTestExecutionListener@5fcacc0, org.springframework.security.test.context.support.WithSecurityContextTestExecutionListener@533b266e, org.springframework.test.context.event.EventPublishingTestExecutionListener@6d1d4d7, org.springframework.security.test.context.support.ReactorContextTestExecutionListener@89ff02e, org.springframework.boot.test.autoconfigure.restdocs.RestDocsTestExecutionListener@6865c751, org.springframework.boot.test.autoconfigure.web.client.MockRestServiceServerResetTestExecutionListener@62679465, org.springframework.boot.test.autoconfigure.web.servlet.MockMvcPrintOnlyOnFailureTestExecutionListener@6a988392, org.springframework.boot.test.autoconfigure.web.servlet.WebDriverTestExecutionListener@1d71006f, org.springframework.boot.test.autoconfigure.webservices.client.MockWebServiceServerTestExecutionListener@5b6813df, org.springframework.boot.test.mock.mockito.ResetMocksTestExecutionListener@5f2606b]
16:08:47.151 [Test worker] DEBUG org.springframework.test.context.support.AbstractDirtiesContextTestExecutionListener - Before test class: context [DefaultTestContext@66629f63 testClass = Springpractice1ApplicationTests, testInstance = [null], testMethod = [null], testException = [null], mergedContextConfiguration = [WebMergedContextConfiguration@841e575 testClass = Springpractice1ApplicationTests, locations = '{}', classes = '{class com.ksh.exam.springpractice1.Springpractice1Application}', contextInitializerClasses = '[]', activeProfiles = '{}', propertySourceLocations = '{}', propertySourceProperties = '{org.springframework.boot.test.context.SpringBootTestContextBootstrapper=true}', contextCustomizers = set[org.springframework.boot.test.autoconfigure.actuate.metrics.MetricsExportContextCustomizerFactory$DisableMetricExportContextCustomizer@e19bb76, org.springframework.boot.test.autoconfigure.properties.PropertyMappingContextCustomizer@0, org.springframework.boot.test.autoconfigure.web.servlet.WebDriverContextCustomizerFactory$Customizer@79c7532f, org.springframework.boot.test.context.filter.ExcludeFilterContextCustomizer@e8df99a, org.springframework.boot.test.json.DuplicateJsonObjectContextCustomizerFactory$DuplicateJsonObjectContextCustomizer@530712d, org.springframework.boot.test.mock.mockito.MockitoContextCustomizer@0, org.springframework.boot.test.web.client.TestRestTemplateContextCustomizer@2826f61, org.springframework.boot.test.context.SpringBootTestArgs@1, org.springframework.boot.test.context.SpringBootTestWebEnvironment@543588e6], resourceBasePath = 'src/main/webapp', contextLoader = 'org.springframework.boot.test.context.SpringBootContextLoader', parent = [null]], attributes = map['org.springframework.test.context.web.ServletTestExecutionListener.activateListener' -> true]], class annotated with @DirtiesContext [false] with mode [null].

  .   ____          _            __ _ _
 /\\ / ___'_ __ _ _(_)_ __  __ _ \ \ \ \
( ( )\___ | '_ | '_| | '_ \/ _` | \ \ \ \
 \\/  ___)| |_)| | | | | || (_| |  ) ) ) )
  '  |____| .__|_| |_|_| |_\__, | / / / /
 =========|_|==============|___/=/_/_/_/
 :: Spring Boot ::               (v2.7.14)

2023-08-18 16:08:48.145  INFO 10064 --- [    Test worker] c.k.e.s.Springpractice1ApplicationTests  : Starting Springpractice1ApplicationTests using Java 17.0.6 on DESKTOP-T4VILT1 with PID 10064 (started by KSH in D:\Documents\CODING\springpractice1)
2023-08-18 16:08:48.150  INFO 10064 --- [    Test worker] c.k.e.s.Springpractice1ApplicationTests  : The following 1 profile is active: "dev"
2023-08-18 16:08:54.784  WARN 10064 --- [    Test worker] .s.s.UserDetailsServiceAutoConfiguration : 

Using generated security password: 22cad950-cfc5-468d-8c4c-d5df997153ab

This generated password is for development use only. Your security configuration must be updated before running your application in production.

2023-08-18 16:08:55.494  INFO 10064 --- [    Test worker] o.s.s.web.DefaultSecurityFilterChain     : Will secure any request with [org.springframework.security.web.session.DisableEncodeUrlFilter@79d63a4f, org.springframework.security.web.context.request.async.WebAsyncManagerIntegrationFilter@2e2b9f53, org.springframework.security.web.context.SecurityContextPersistenceFilter@70d3cdbf, org.springframework.security.web.header.HeaderWriterFilter@4eeb14e0, org.springframework.security.web.csrf.CsrfFilter@1b3a9ef4, org.springframework.security.web.authentication.logout.LogoutFilter@2ba9f986, org.springframework.security.web.authentication.UsernamePasswordAuthenticationFilter@2475fba3, org.springframework.security.web.authentication.ui.DefaultLoginPageGeneratingFilter@762bf32d, org.springframework.security.web.authentication.ui.DefaultLogoutPageGeneratingFilter@749baa0c, org.springframework.security.web.authentication.www.BasicAuthenticationFilter@e2b3026, org.springframework.security.web.savedrequest.RequestCacheAwareFilter@5b322873, org.springframework.security.web.servletapi.SecurityContextHolderAwareRequestFilter@35e2b89f, org.springframework.security.web.authentication.AnonymousAuthenticationFilter@1b3bec6c, org.springframework.security.web.session.SessionManagementFilter@60dcf9ec, org.springframework.security.web.access.ExceptionTranslationFilter@71b26880, org.springframework.security.web.access.intercept.FilterSecurityInterceptor@3a588b5f]
2023-08-18 16:08:55.725  INFO 10064 --- [    Test worker] c.k.e.s.Springpractice1ApplicationTests  : Started Springpractice1ApplicationTests in 8.483 seconds (JVM running for 11.22)
2023-08-18 16:08:55.775  INFO 10064 --- [    Test worker] com.zaxxer.hikari.HikariDataSource       : HikariPool-1 - Starting...
2023-08-18 16:08:55.907  INFO 10064 --- [    Test worker] com.zaxxer.hikari.HikariDataSource       : HikariPool-1 - Start completed.
2023-08-18 16:08:55.920  INFO 10064 --- [    Test worker] o.s.t.c.transaction.TransactionContext   : Began transaction (1) for test context [DefaultTestContext@66629f63 testClass = Springpractice1ApplicationTests, testInstance = com.ksh.exam.springpractice1.Springpractice1ApplicationTests@40cf6254, testMethod = initWrite@Springpractice1ApplicationTests, testException = [null], mergedContextConfiguration = [WebMergedContextConfiguration@841e575 testClass = Springpractice1ApplicationTests, locations = '{}', classes = '{class com.ksh.exam.springpractice1.Springpractice1Application}', contextInitializerClasses = '[]', activeProfiles = '{}', propertySourceLocations = '{}', propertySourceProperties = '{org.springframework.boot.test.context.SpringBootTestContextBootstrapper=true}', contextCustomizers = set[org.springframework.boot.test.autoconfigure.actuate.metrics.MetricsExportContextCustomizerFactory$DisableMetricExportContextCustomizer@e19bb76, org.springframework.boot.test.autoconfigure.properties.PropertyMappingContextCustomizer@0, org.springframework.boot.test.autoconfigure.web.servlet.WebDriverContextCustomizerFactory$Customizer@79c7532f, org.springframework.boot.test.context.filter.ExcludeFilterContextCustomizer@e8df99a, org.springframework.boot.test.json.DuplicateJsonObjectContextCustomizerFactory$DuplicateJsonObjectContextCustomizer@530712d, org.springframework.boot.test.mock.mockito.MockitoContextCustomizer@0, org.springframework.boot.test.web.client.TestRestTemplateContextCustomizer@2826f61, org.springframework.boot.test.context.SpringBootTestArgs@1, org.springframework.boot.test.context.SpringBootTestWebEnvironment@543588e6], resourceBasePath = 'src/main/webapp', contextLoader = 'org.springframework.boot.test.context.SpringBootContextLoader', parent = [null]], attributes = map['org.springframework.test.context.web.ServletTestExecutionListener.activateListener' -> true, 'org.springframework.test.context.web.ServletTestExecutionListener.populatedRequestContextHolder' -> true, 'org.springframework.test.context.web.ServletTestExecutionListener.resetRequestContextHolder' -> true, 'org.springframework.test.context.event.ApplicationEventsTestExecutionListener.recordApplicationEvents' -> false]]; transaction manager [org.springframework.jdbc.support.JdbcTransactionManager@40bf0e15]; rollback [true]
2023-08-18 16:08:56.830  INFO 10064 --- [    Test worker] o.s.t.c.transaction.TransactionContext   : Rolled back transaction for test: [DefaultTestContext@66629f63 testClass = Springpractice1ApplicationTests, testInstance = com.ksh.exam.springpractice1.Springpractice1ApplicationTests@40cf6254, testMethod = initWrite@Springpractice1ApplicationTests, testException = [null], mergedContextConfiguration = [WebMergedContextConfiguration@841e575 testClass = Springpractice1ApplicationTests, locations = '{}', classes = '{class com.ksh.exam.springpractice1.Springpractice1Application}', contextInitializerClasses = '[]', activeProfiles = '{}', propertySourceLocations = '{}', propertySourceProperties = '{org.springframework.boot.test.context.SpringBootTestContextBootstrapper=true}', contextCustomizers = set[org.springframework.boot.test.autoconfigure.actuate.metrics.MetricsExportContextCustomizerFactory$DisableMetricExportContextCustomizer@e19bb76, org.springframework.boot.test.autoconfigure.properties.PropertyMappingContextCustomizer@0, org.springframework.boot.test.autoconfigure.web.servlet.WebDriverContextCustomizerFactory$Customizer@79c7532f, org.springframework.boot.test.context.filter.ExcludeFilterContextCustomizer@e8df99a, org.springframework.boot.test.json.DuplicateJsonObjectContextCustomizerFactory$DuplicateJsonObjectContextCustomizer@530712d, org.springframework.boot.test.mock.mockito.MockitoContextCustomizer@0, org.springframework.boot.test.web.client.TestRestTemplateContextCustomizer@2826f61, org.springframework.boot.test.context.SpringBootTestArgs@1, org.springframework.boot.test.context.SpringBootTestWebEnvironment@543588e6], resourceBasePath = 'src/main/webapp', contextLoader = 'org.springframework.boot.test.context.SpringBootContextLoader', parent = [null]], attributes = map['org.springframework.test.context.web.ServletTestExecutionListener.activateListener' -> true, 'org.springframework.test.context.web.ServletTestExecutionListener.populatedRequestContextHolder' -> true, 'org.springframework.test.context.web.ServletTestExecutionListener.resetRequestContextHolder' -> true, 'org.springframework.test.context.event.ApplicationEventsTestExecutionListener.recordApplicationEvents' -> false]]
2023-08-18 16:08:56.845  INFO 10064 --- [    Test worker] o.s.t.c.transaction.TransactionContext   : Began transaction (1) for test context [DefaultTestContext@66629f63 testClass = Springpractice1ApplicationTests, testInstance = com.ksh.exam.springpractice1.Springpractice1ApplicationTests@54737322, testMethod = initRead@Springpractice1ApplicationTests, testException = [null], mergedContextConfiguration = [WebMergedContextConfiguration@841e575 testClass = Springpractice1ApplicationTests, locations = '{}', classes = '{class com.ksh.exam.springpractice1.Springpractice1Application}', contextInitializerClasses = '[]', activeProfiles = '{}', propertySourceLocations = '{}', propertySourceProperties = '{org.springframework.boot.test.context.SpringBootTestContextBootstrapper=true}', contextCustomizers = set[org.springframework.boot.test.autoconfigure.actuate.metrics.MetricsExportContextCustomizerFactory$DisableMetricExportContextCustomizer@e19bb76, org.springframework.boot.test.autoconfigure.properties.PropertyMappingContextCustomizer@0, org.springframework.boot.test.autoconfigure.web.servlet.WebDriverContextCustomizerFactory$Customizer@79c7532f, org.springframework.boot.test.context.filter.ExcludeFilterContextCustomizer@e8df99a, org.springframework.boot.test.json.DuplicateJsonObjectContextCustomizerFactory$DuplicateJsonObjectContextCustomizer@530712d, org.springframework.boot.test.mock.mockito.MockitoContextCustomizer@0, org.springframework.boot.test.web.client.TestRestTemplateContextCustomizer@2826f61, org.springframework.boot.test.context.SpringBootTestArgs@1, org.springframework.boot.test.context.SpringBootTestWebEnvironment@543588e6], resourceBasePath = 'src/main/webapp', contextLoader = 'org.springframework.boot.test.context.SpringBootContextLoader', parent = [null]], attributes = map['org.springframework.test.context.web.ServletTestExecutionListener.activateListener' -> true, 'org.springframework.test.context.web.ServletTestExecutionListener.populatedRequestContextHolder' -> true, 'org.springframework.test.context.web.ServletTestExecutionListener.resetRequestContextHolder' -> true, 'org.springframework.test.context.event.ApplicationEventsTestExecutionListener.recordApplicationEvents' -> false]]; transaction manager [org.springframework.jdbc.support.JdbcTransactionManager@40bf0e15]; rollback [true]
[Article(id=1, subject=제목1, content=내용1)]
2023-08-18 16:08:56.860  INFO 10064 --- [    Test worker] o.s.t.c.transaction.TransactionContext   : Rolled back transaction for test: [DefaultTestContext@66629f63 testClass = Springpractice1ApplicationTests, testInstance = com.ksh.exam.springpractice1.Springpractice1ApplicationTests@54737322, testMethod = initRead@Springpractice1ApplicationTests, testException = [null], mergedContextConfiguration = [WebMergedContextConfiguration@841e575 testClass = Springpractice1ApplicationTests, locations = '{}', classes = '{class com.ksh.exam.springpractice1.Springpractice1Application}', contextInitializerClasses = '[]', activeProfiles = '{}', propertySourceLocations = '{}', propertySourceProperties = '{org.springframework.boot.test.context.SpringBootTestContextBootstrapper=true}', contextCustomizers = set[org.springframework.boot.test.autoconfigure.actuate.metrics.MetricsExportContextCustomizerFactory$DisableMetricExportContextCustomizer@e19bb76, org.springframework.boot.test.autoconfigure.properties.PropertyMappingContextCustomizer@0, org.springframework.boot.test.autoconfigure.web.servlet.WebDriverContextCustomizerFactory$Customizer@79c7532f, org.springframework.boot.test.context.filter.ExcludeFilterContextCustomizer@e8df99a, org.springframework.boot.test.json.DuplicateJsonObjectContextCustomizerFactory$DuplicateJsonObjectContextCustomizer@530712d, org.springframework.boot.test.mock.mockito.MockitoContextCustomizer@0, org.springframework.boot.test.web.client.TestRestTemplateContextCustomizer@2826f61, org.springframework.boot.test.context.SpringBootTestArgs@1, org.springframework.boot.test.context.SpringBootTestWebEnvironment@543588e6], resourceBasePath = 'src/main/webapp', contextLoader = 'org.springframework.boot.test.context.SpringBootContextLoader', parent = [null]], attributes = map['org.springframework.test.context.web.ServletTestExecutionListener.activateListener' -> true, 'org.springframework.test.context.web.ServletTestExecutionListener.populatedRequestContextHolder' -> true, 'org.springframework.test.context.web.ServletTestExecutionListener.resetRequestContextHolder' -> true, 'org.springframework.test.context.event.ApplicationEventsTestExecutionListener.recordApplicationEvents' -> false]]
2023-08-18 16:08:56.865  INFO 10064 --- [    Test worker] o.s.t.c.transaction.TransactionContext   : Began transaction (1) for test context [DefaultTestContext@66629f63 testClass = Springpractice1ApplicationTests, testInstance = com.ksh.exam.springpractice1.Springpractice1ApplicationTests@3278d065, testMethod = readOne@Springpractice1ApplicationTests, testException = [null], mergedContextConfiguration = [WebMergedContextConfiguration@841e575 testClass = Springpractice1ApplicationTests, locations = '{}', classes = '{class com.ksh.exam.springpractice1.Springpractice1Application}', contextInitializerClasses = '[]', activeProfiles = '{}', propertySourceLocations = '{}', propertySourceProperties = '{org.springframework.boot.test.context.SpringBootTestContextBootstrapper=true}', contextCustomizers = set[org.springframework.boot.test.autoconfigure.actuate.metrics.MetricsExportContextCustomizerFactory$DisableMetricExportContextCustomizer@e19bb76, org.springframework.boot.test.autoconfigure.properties.PropertyMappingContextCustomizer@0, org.springframework.boot.test.autoconfigure.web.servlet.WebDriverContextCustomizerFactory$Customizer@79c7532f, org.springframework.boot.test.context.filter.ExcludeFilterContextCustomizer@e8df99a, org.springframework.boot.test.json.DuplicateJsonObjectContextCustomizerFactory$DuplicateJsonObjectContextCustomizer@530712d, org.springframework.boot.test.mock.mockito.MockitoContextCustomizer@0, org.springframework.boot.test.web.client.TestRestTemplateContextCustomizer@2826f61, org.springframework.boot.test.context.SpringBootTestArgs@1, org.springframework.boot.test.context.SpringBootTestWebEnvironment@543588e6], resourceBasePath = 'src/main/webapp', contextLoader = 'org.springframework.boot.test.context.SpringBootContextLoader', parent = [null]], attributes = map['org.springframework.test.context.web.ServletTestExecutionListener.activateListener' -> true, 'org.springframework.test.context.web.ServletTestExecutionListener.populatedRequestContextHolder' -> true, 'org.springframework.test.context.web.ServletTestExecutionListener.resetRequestContextHolder' -> true, 'org.springframework.test.context.event.ApplicationEventsTestExecutionListener.recordApplicationEvents' -> false]]; transaction manager [org.springframework.jdbc.support.JdbcTransactionManager@40bf0e15]; rollback [true]
2023-08-18 16:08:56.877  INFO 10064 --- [    Test worker] o.s.t.c.transaction.TransactionContext   : Rolled back transaction for test: [DefaultTestContext@66629f63 testClass = Springpractice1ApplicationTests, testInstance = com.ksh.exam.springpractice1.Springpractice1ApplicationTests@3278d065, testMethod = readOne@Springpractice1ApplicationTests, testException = [null], mergedContextConfiguration = [WebMergedContextConfiguration@841e575 testClass = Springpractice1ApplicationTests, locations = '{}', classes = '{class com.ksh.exam.springpractice1.Springpractice1Application}', contextInitializerClasses = '[]', activeProfiles = '{}', propertySourceLocations = '{}', propertySourceProperties = '{org.springframework.boot.test.context.SpringBootTestContextBootstrapper=true}', contextCustomizers = set[org.springframework.boot.test.autoconfigure.actuate.metrics.MetricsExportContextCustomizerFactory$DisableMetricExportContextCustomizer@e19bb76, org.springframework.boot.test.autoconfigure.properties.PropertyMappingContextCustomizer@0, org.springframework.boot.test.autoconfigure.web.servlet.WebDriverContextCustomizerFactory$Customizer@79c7532f, org.springframework.boot.test.context.filter.ExcludeFilterContextCustomizer@e8df99a, org.springframework.boot.test.json.DuplicateJsonObjectContextCustomizerFactory$DuplicateJsonObjectContextCustomizer@530712d, org.springframework.boot.test.mock.mockito.MockitoContextCustomizer@0, org.springframework.boot.test.web.client.TestRestTemplateContextCustomizer@2826f61, org.springframework.boot.test.context.SpringBootTestArgs@1, org.springframework.boot.test.context.SpringBootTestWebEnvironment@543588e6], resourceBasePath = 'src/main/webapp', contextLoader = 'org.springframework.boot.test.context.SpringBootContextLoader', parent = [null]], attributes = map['org.springframework.test.context.web.ServletTestExecutionListener.activateListener' -> true, 'org.springframework.test.context.web.ServletTestExecutionListener.populatedRequestContextHolder' -> true, 'org.springframework.test.context.web.ServletTestExecutionListener.resetRequestContextHolder' -> true, 'org.springframework.test.context.event.ApplicationEventsTestExecutionListener.recordApplicationEvents' -> false]]
]]></system-out>
  <system-err><![CDATA[]]></system-err>
</testsuite>
