<?xml version="1.0" encoding="UTF-8"?>
<testsuite name="com.ksh.exam.springpractice1.Springpractice1ApplicationTests" tests="2" skipped="0" failures="0" errors="0" timestamp="2023-08-18T06:03:41" hostname="DESKTOP-T4VILT1" time="0.928">
  <properties/>
  <testcase name="기본 쓰기 테스트" classname="com.ksh.exam.springpractice1.Springpractice1ApplicationTests" time="0.905"/>
  <testcase name="기본 읽기 테스트" classname="com.ksh.exam.springpractice1.Springpractice1ApplicationTests" time="0.019"/>
  <system-out><![CDATA[15:03:37.462 [Test worker] DEBUG org.springframework.test.context.BootstrapUtils - Instantiating CacheAwareContextLoaderDelegate from class [org.springframework.test.context.cache.DefaultCacheAwareContextLoaderDelegate]
15:03:37.477 [Test worker] DEBUG org.springframework.test.context.BootstrapUtils - Instantiating BootstrapContext using constructor [public org.springframework.test.context.support.DefaultBootstrapContext(java.lang.Class,org.springframework.test.context.CacheAwareContextLoaderDelegate)]
15:03:37.516 [Test worker] DEBUG org.springframework.test.context.BootstrapUtils - Instantiating TestContextBootstrapper for test class [com.ksh.exam.springpractice1.Springpractice1ApplicationTests] from class [org.springframework.boot.test.context.SpringBootTestContextBootstrapper]
15:03:37.530 [Test worker] INFO org.springframework.boot.test.context.SpringBootTestContextBootstrapper - Neither @ContextConfiguration nor @ContextHierarchy found for test class [com.ksh.exam.springpractice1.Springpractice1ApplicationTests], using SpringBootContextLoader
15:03:37.535 [Test worker] DEBUG org.springframework.test.context.support.AbstractContextLoader - Did not detect default resource location for test class [com.ksh.exam.springpractice1.Springpractice1ApplicationTests]: class path resource [com/ksh/exam/springpractice1/Springpractice1ApplicationTests-context.xml] does not exist
15:03:37.535 [Test worker] DEBUG org.springframework.test.context.support.AbstractContextLoader - Did not detect default resource location for test class [com.ksh.exam.springpractice1.Springpractice1ApplicationTests]: class path resource [com/ksh/exam/springpractice1/Springpractice1ApplicationTestsContext.groovy] does not exist
15:03:37.535 [Test worker] INFO org.springframework.test.context.support.AbstractContextLoader - Could not detect default resource locations for test class [com.ksh.exam.springpractice1.Springpractice1ApplicationTests]: no resource found for suffixes {-context.xml, Context.groovy}.
15:03:37.537 [Test worker] INFO org.springframework.test.context.support.AnnotationConfigContextLoaderUtils - Could not detect default configuration classes for test class [com.ksh.exam.springpractice1.Springpractice1ApplicationTests]: Springpractice1ApplicationTests does not declare any static, non-private, non-final, nested classes annotated with @Configuration.
15:03:37.581 [Test worker] DEBUG org.springframework.test.context.support.ActiveProfilesUtils - Could not find an 'annotation declaring class' for annotation type [org.springframework.test.context.ActiveProfiles] and class [com.ksh.exam.springpractice1.Springpractice1ApplicationTests]
15:03:37.657 [Test worker] DEBUG org.springframework.context.annotation.ClassPathScanningCandidateComponentProvider - Identified candidate component class: file [D:\Documents\CODING\springpractice1\build\classes\java\main\com\ksh\exam\springpractice1\Springpractice1Application.class]
15:03:37.658 [Test worker] INFO org.springframework.boot.test.context.SpringBootTestContextBootstrapper - Found @SpringBootConfiguration com.ksh.exam.springpractice1.Springpractice1Application for test class com.ksh.exam.springpractice1.Springpractice1ApplicationTests
15:03:37.816 [Test worker] DEBUG org.springframework.boot.test.context.SpringBootTestContextBootstrapper - @TestExecutionListeners is not present for class [com.ksh.exam.springpractice1.Springpractice1ApplicationTests]: using defaults.
15:03:37.817 [Test worker] INFO org.springframework.boot.test.context.SpringBootTestContextBootstrapper - Loaded default TestExecutionListener class names from location [META-INF/spring.factories]: [org.springframework.security.test.context.support.WithSecurityContextTestExecutionListener, org.springframework.security.test.context.support.ReactorContextTestExecutionListener, org.springframework.boot.test.autoconfigure.restdocs.RestDocsTestExecutionListener, org.springframework.boot.test.autoconfigure.web.client.MockRestServiceServerResetTestExecutionListener, org.springframework.boot.test.autoconfigure.web.servlet.MockMvcPrintOnlyOnFailureTestExecutionListener, org.springframework.boot.test.autoconfigure.web.servlet.WebDriverTestExecutionListener, org.springframework.boot.test.autoconfigure.webservices.client.MockWebServiceServerTestExecutionListener, org.springframework.boot.test.mock.mockito.MockitoTestExecutionListener, org.springframework.boot.test.mock.mockito.ResetMocksTestExecutionListener, org.springframework.test.context.web.ServletTestExecutionListener, org.springframework.test.context.support.DirtiesContextBeforeModesTestExecutionListener, org.springframework.test.context.event.ApplicationEventsTestExecutionListener, org.springframework.test.context.support.DependencyInjectionTestExecutionListener, org.springframework.test.context.support.DirtiesContextTestExecutionListener, org.springframework.test.context.transaction.TransactionalTestExecutionListener, org.springframework.test.context.jdbc.SqlScriptsTestExecutionListener, org.springframework.test.context.event.EventPublishingTestExecutionListener]
15:03:37.838 [Test worker] INFO org.springframework.boot.test.context.SpringBootTestContextBootstrapper - Using TestExecutionListeners: [org.springframework.test.context.web.ServletTestExecutionListener@4602c2a9, org.springframework.test.context.support.DirtiesContextBeforeModesTestExecutionListener@60fa3495, org.springframework.test.context.event.ApplicationEventsTestExecutionListener@3e2822, org.springframework.boot.test.mock.mockito.MockitoTestExecutionListener@79e18e38, org.springframework.boot.test.autoconfigure.SpringBootDependencyInjectionTestExecutionListener@29a60c27, org.springframework.test.context.support.DirtiesContextTestExecutionListener@1849db1a, org.springframework.test.context.transaction.TransactionalTestExecutionListener@69c79f09, org.springframework.test.context.jdbc.SqlScriptsTestExecutionListener@1ca25c47, org.springframework.security.test.context.support.WithSecurityContextTestExecutionListener@5fcacc0, org.springframework.test.context.event.EventPublishingTestExecutionListener@533b266e, org.springframework.security.test.context.support.ReactorContextTestExecutionListener@6d1d4d7, org.springframework.boot.test.autoconfigure.restdocs.RestDocsTestExecutionListener@89ff02e, org.springframework.boot.test.autoconfigure.web.client.MockRestServiceServerResetTestExecutionListener@6865c751, org.springframework.boot.test.autoconfigure.web.servlet.MockMvcPrintOnlyOnFailureTestExecutionListener@62679465, org.springframework.boot.test.autoconfigure.web.servlet.WebDriverTestExecutionListener@6a988392, org.springframework.boot.test.autoconfigure.webservices.client.MockWebServiceServerTestExecutionListener@1d71006f, org.springframework.boot.test.mock.mockito.ResetMocksTestExecutionListener@5b6813df]
15:03:37.844 [Test worker] DEBUG org.springframework.test.context.support.AbstractDirtiesContextTestExecutionListener - Before test class: context [DefaultTestContext@2b62442c testClass = Springpractice1ApplicationTests, testInstance = [null], testMethod = [null], testException = [null], mergedContextConfiguration = [WebMergedContextConfiguration@66629f63 testClass = Springpractice1ApplicationTests, locations = '{}', classes = '{class com.ksh.exam.springpractice1.Springpractice1Application}', contextInitializerClasses = '[]', activeProfiles = '{}', propertySourceLocations = '{}', propertySourceProperties = '{org.springframework.boot.test.context.SpringBootTestContextBootstrapper=true}', contextCustomizers = set[org.springframework.boot.test.autoconfigure.actuate.metrics.MetricsExportContextCustomizerFactory$DisableMetricExportContextCustomizer@4f1bfe23, org.springframework.boot.test.autoconfigure.properties.PropertyMappingContextCustomizer@0, org.springframework.boot.test.autoconfigure.web.servlet.WebDriverContextCustomizerFactory$Customizer@5674e1f2, org.springframework.boot.test.context.filter.ExcludeFilterContextCustomizer@e54303, org.springframework.boot.test.json.DuplicateJsonObjectContextCustomizerFactory$DuplicateJsonObjectContextCustomizer@64b73e7a, org.springframework.boot.test.mock.mockito.MockitoContextCustomizer@0, org.springframework.boot.test.web.client.TestRestTemplateContextCustomizer@13d9b21f, org.springframework.boot.test.context.SpringBootTestArgs@1, org.springframework.boot.test.context.SpringBootTestWebEnvironment@543588e6], resourceBasePath = 'src/main/webapp', contextLoader = 'org.springframework.boot.test.context.SpringBootContextLoader', parent = [null]], attributes = map['org.springframework.test.context.web.ServletTestExecutionListener.activateListener' -> true]], class annotated with @DirtiesContext [false] with mode [null].

  .   ____          _            __ _ _
 /\\ / ___'_ __ _ _(_)_ __  __ _ \ \ \ \
( ( )\___ | '_ | '_| | '_ \/ _` | \ \ \ \
 \\/  ___)| |_)| | | | | || (_| |  ) ) ) )
  '  |____| .__|_| |_|_| |_\__, | / / / /
 =========|_|==============|___/=/_/_/_/
 :: Spring Boot ::               (v2.7.14)

2023-08-18 15:03:38.309  INFO 7152 --- [    Test worker] c.k.e.s.Springpractice1ApplicationTests  : Starting Springpractice1ApplicationTests using Java 17.0.6 on DESKTOP-T4VILT1 with PID 7152 (started by KSH in D:\Documents\CODING\springpractice1)
2023-08-18 15:03:38.310  INFO 7152 --- [    Test worker] c.k.e.s.Springpractice1ApplicationTests  : The following 1 profile is active: "dev"
2023-08-18 15:03:40.861  WARN 7152 --- [    Test worker] .s.s.UserDetailsServiceAutoConfiguration : 

Using generated security password: c999c32b-f2dd-4708-9556-4eb60b1d40c3

This generated password is for development use only. Your security configuration must be updated before running your application in production.

2023-08-18 15:03:41.143  INFO 7152 --- [    Test worker] o.s.s.web.DefaultSecurityFilterChain     : Will secure any request with [org.springframework.security.web.session.DisableEncodeUrlFilter@7cc1f72c, org.springframework.security.web.context.request.async.WebAsyncManagerIntegrationFilter@7b7068d8, org.springframework.security.web.context.SecurityContextPersistenceFilter@69eb544f, org.springframework.security.web.header.HeaderWriterFilter@2b2a4332, org.springframework.security.web.csrf.CsrfFilter@4c5da4f9, org.springframework.security.web.authentication.logout.LogoutFilter@fe42a09, org.springframework.security.web.authentication.UsernamePasswordAuthenticationFilter@12e5d3e1, org.springframework.security.web.authentication.ui.DefaultLoginPageGeneratingFilter@59ec7020, org.springframework.security.web.authentication.ui.DefaultLogoutPageGeneratingFilter@1d8e9d3e, org.springframework.security.web.authentication.www.BasicAuthenticationFilter@2084e65a, org.springframework.security.web.savedrequest.RequestCacheAwareFilter@7e747037, org.springframework.security.web.servletapi.SecurityContextHolderAwareRequestFilter@4d0e1a9a, org.springframework.security.web.authentication.AnonymousAuthenticationFilter@360d41d0, org.springframework.security.web.session.SessionManagementFilter@7be38eba, org.springframework.security.web.access.ExceptionTranslationFilter@496cedbb, org.springframework.security.web.access.intercept.FilterSecurityInterceptor@5ed25612]
2023-08-18 15:03:41.280  INFO 7152 --- [    Test worker] c.k.e.s.Springpractice1ApplicationTests  : Started Springpractice1ApplicationTests in 3.394 seconds (JVM running for 5.101)
2023-08-18 15:03:41.316  INFO 7152 --- [    Test worker] com.zaxxer.hikari.HikariDataSource       : HikariPool-1 - Starting...
2023-08-18 15:03:41.427  INFO 7152 --- [    Test worker] com.zaxxer.hikari.HikariDataSource       : HikariPool-1 - Start completed.
2023-08-18 15:03:41.435  INFO 7152 --- [    Test worker] o.s.t.c.transaction.TransactionContext   : Began transaction (1) for test context [DefaultTestContext@2b62442c testClass = Springpractice1ApplicationTests, testInstance = com.ksh.exam.springpractice1.Springpractice1ApplicationTests@194911c1, testMethod = initWrite@Springpractice1ApplicationTests, testException = [null], mergedContextConfiguration = [WebMergedContextConfiguration@66629f63 testClass = Springpractice1ApplicationTests, locations = '{}', classes = '{class com.ksh.exam.springpractice1.Springpractice1Application}', contextInitializerClasses = '[]', activeProfiles = '{}', propertySourceLocations = '{}', propertySourceProperties = '{org.springframework.boot.test.context.SpringBootTestContextBootstrapper=true}', contextCustomizers = set[org.springframework.boot.test.autoconfigure.actuate.metrics.MetricsExportContextCustomizerFactory$DisableMetricExportContextCustomizer@4f1bfe23, org.springframework.boot.test.autoconfigure.properties.PropertyMappingContextCustomizer@0, org.springframework.boot.test.autoconfigure.web.servlet.WebDriverContextCustomizerFactory$Customizer@5674e1f2, org.springframework.boot.test.context.filter.ExcludeFilterContextCustomizer@e54303, org.springframework.boot.test.json.DuplicateJsonObjectContextCustomizerFactory$DuplicateJsonObjectContextCustomizer@64b73e7a, org.springframework.boot.test.mock.mockito.MockitoContextCustomizer@0, org.springframework.boot.test.web.client.TestRestTemplateContextCustomizer@13d9b21f, org.springframework.boot.test.context.SpringBootTestArgs@1, org.springframework.boot.test.context.SpringBootTestWebEnvironment@543588e6], resourceBasePath = 'src/main/webapp', contextLoader = 'org.springframework.boot.test.context.SpringBootContextLoader', parent = [null]], attributes = map['org.springframework.test.context.web.ServletTestExecutionListener.activateListener' -> true, 'org.springframework.test.context.web.ServletTestExecutionListener.populatedRequestContextHolder' -> true, 'org.springframework.test.context.web.ServletTestExecutionListener.resetRequestContextHolder' -> true, 'org.springframework.test.context.event.ApplicationEventsTestExecutionListener.recordApplicationEvents' -> false]]; transaction manager [org.springframework.jdbc.support.JdbcTransactionManager@4751cd3]; rollback [true]
2023-08-18 15:03:42.200  INFO 7152 --- [    Test worker] o.s.t.c.transaction.TransactionContext   : Rolled back transaction for test: [DefaultTestContext@2b62442c testClass = Springpractice1ApplicationTests, testInstance = com.ksh.exam.springpractice1.Springpractice1ApplicationTests@194911c1, testMethod = initWrite@Springpractice1ApplicationTests, testException = [null], mergedContextConfiguration = [WebMergedContextConfiguration@66629f63 testClass = Springpractice1ApplicationTests, locations = '{}', classes = '{class com.ksh.exam.springpractice1.Springpractice1Application}', contextInitializerClasses = '[]', activeProfiles = '{}', propertySourceLocations = '{}', propertySourceProperties = '{org.springframework.boot.test.context.SpringBootTestContextBootstrapper=true}', contextCustomizers = set[org.springframework.boot.test.autoconfigure.actuate.metrics.MetricsExportContextCustomizerFactory$DisableMetricExportContextCustomizer@4f1bfe23, org.springframework.boot.test.autoconfigure.properties.PropertyMappingContextCustomizer@0, org.springframework.boot.test.autoconfigure.web.servlet.WebDriverContextCustomizerFactory$Customizer@5674e1f2, org.springframework.boot.test.context.filter.ExcludeFilterContextCustomizer@e54303, org.springframework.boot.test.json.DuplicateJsonObjectContextCustomizerFactory$DuplicateJsonObjectContextCustomizer@64b73e7a, org.springframework.boot.test.mock.mockito.MockitoContextCustomizer@0, org.springframework.boot.test.web.client.TestRestTemplateContextCustomizer@13d9b21f, org.springframework.boot.test.context.SpringBootTestArgs@1, org.springframework.boot.test.context.SpringBootTestWebEnvironment@543588e6], resourceBasePath = 'src/main/webapp', contextLoader = 'org.springframework.boot.test.context.SpringBootContextLoader', parent = [null]], attributes = map['org.springframework.test.context.web.ServletTestExecutionListener.activateListener' -> true, 'org.springframework.test.context.web.ServletTestExecutionListener.populatedRequestContextHolder' -> true, 'org.springframework.test.context.web.ServletTestExecutionListener.resetRequestContextHolder' -> true, 'org.springframework.test.context.event.ApplicationEventsTestExecutionListener.recordApplicationEvents' -> false]]
2023-08-18 15:03:42.214  INFO 7152 --- [    Test worker] o.s.t.c.transaction.TransactionContext   : Began transaction (1) for test context [DefaultTestContext@2b62442c testClass = Springpractice1ApplicationTests, testInstance = com.ksh.exam.springpractice1.Springpractice1ApplicationTests@70f91ae3, testMethod = initRead@Springpractice1ApplicationTests, testException = [null], mergedContextConfiguration = [WebMergedContextConfiguration@66629f63 testClass = Springpractice1ApplicationTests, locations = '{}', classes = '{class com.ksh.exam.springpractice1.Springpractice1Application}', contextInitializerClasses = '[]', activeProfiles = '{}', propertySourceLocations = '{}', propertySourceProperties = '{org.springframework.boot.test.context.SpringBootTestContextBootstrapper=true}', contextCustomizers = set[org.springframework.boot.test.autoconfigure.actuate.metrics.MetricsExportContextCustomizerFactory$DisableMetricExportContextCustomizer@4f1bfe23, org.springframework.boot.test.autoconfigure.properties.PropertyMappingContextCustomizer@0, org.springframework.boot.test.autoconfigure.web.servlet.WebDriverContextCustomizerFactory$Customizer@5674e1f2, org.springframework.boot.test.context.filter.ExcludeFilterContextCustomizer@e54303, org.springframework.boot.test.json.DuplicateJsonObjectContextCustomizerFactory$DuplicateJsonObjectContextCustomizer@64b73e7a, org.springframework.boot.test.mock.mockito.MockitoContextCustomizer@0, org.springframework.boot.test.web.client.TestRestTemplateContextCustomizer@13d9b21f, org.springframework.boot.test.context.SpringBootTestArgs@1, org.springframework.boot.test.context.SpringBootTestWebEnvironment@543588e6], resourceBasePath = 'src/main/webapp', contextLoader = 'org.springframework.boot.test.context.SpringBootContextLoader', parent = [null]], attributes = map['org.springframework.test.context.web.ServletTestExecutionListener.activateListener' -> true, 'org.springframework.test.context.web.ServletTestExecutionListener.populatedRequestContextHolder' -> true, 'org.springframework.test.context.web.ServletTestExecutionListener.resetRequestContextHolder' -> true, 'org.springframework.test.context.event.ApplicationEventsTestExecutionListener.recordApplicationEvents' -> false]]; transaction manager [org.springframework.jdbc.support.JdbcTransactionManager@4751cd3]; rollback [true]
[Article(id=1, subject=제목1, content=내용1)]
2023-08-18 15:03:42.230  INFO 7152 --- [    Test worker] o.s.t.c.transaction.TransactionContext   : Rolled back transaction for test: [DefaultTestContext@2b62442c testClass = Springpractice1ApplicationTests, testInstance = com.ksh.exam.springpractice1.Springpractice1ApplicationTests@70f91ae3, testMethod = initRead@Springpractice1ApplicationTests, testException = [null], mergedContextConfiguration = [WebMergedContextConfiguration@66629f63 testClass = Springpractice1ApplicationTests, locations = '{}', classes = '{class com.ksh.exam.springpractice1.Springpractice1Application}', contextInitializerClasses = '[]', activeProfiles = '{}', propertySourceLocations = '{}', propertySourceProperties = '{org.springframework.boot.test.context.SpringBootTestContextBootstrapper=true}', contextCustomizers = set[org.springframework.boot.test.autoconfigure.actuate.metrics.MetricsExportContextCustomizerFactory$DisableMetricExportContextCustomizer@4f1bfe23, org.springframework.boot.test.autoconfigure.properties.PropertyMappingContextCustomizer@0, org.springframework.boot.test.autoconfigure.web.servlet.WebDriverContextCustomizerFactory$Customizer@5674e1f2, org.springframework.boot.test.context.filter.ExcludeFilterContextCustomizer@e54303, org.springframework.boot.test.json.DuplicateJsonObjectContextCustomizerFactory$DuplicateJsonObjectContextCustomizer@64b73e7a, org.springframework.boot.test.mock.mockito.MockitoContextCustomizer@0, org.springframework.boot.test.web.client.TestRestTemplateContextCustomizer@13d9b21f, org.springframework.boot.test.context.SpringBootTestArgs@1, org.springframework.boot.test.context.SpringBootTestWebEnvironment@543588e6], resourceBasePath = 'src/main/webapp', contextLoader = 'org.springframework.boot.test.context.SpringBootContextLoader', parent = [null]], attributes = map['org.springframework.test.context.web.ServletTestExecutionListener.activateListener' -> true, 'org.springframework.test.context.web.ServletTestExecutionListener.populatedRequestContextHolder' -> true, 'org.springframework.test.context.web.ServletTestExecutionListener.resetRequestContextHolder' -> true, 'org.springframework.test.context.event.ApplicationEventsTestExecutionListener.recordApplicationEvents' -> false]]
]]></system-out>
  <system-err><![CDATA[]]></system-err>
</testsuite>
