<?xml version="1.0" encoding="UTF-8"?>
<testsuite name="com.ksh.exam.springpractice1.Springpractice1ApplicationTests" tests="4" skipped="0" failures="0" errors="0" timestamp="2023-08-19T07:17:35" hostname="DESKTOP-T4VILT1" time="1.083">
  <properties/>
  <testcase name="기본 쓰기 테스트" classname="com.ksh.exam.springpractice1.Springpractice1ApplicationTests" time="1.012"/>
  <testcase name="기본 읽기 테스트" classname="com.ksh.exam.springpractice1.Springpractice1ApplicationTests" time="0.014"/>
  <testcase name="게시물 단건 조회" classname="com.ksh.exam.springpractice1.Springpractice1ApplicationTests" time="0.012"/>
  <testcase name="게시글 제목으로 조회" classname="com.ksh.exam.springpractice1.Springpractice1ApplicationTests" time="0.042"/>
  <system-out><![CDATA[16:17:31.597 [Test worker] DEBUG org.springframework.test.context.BootstrapUtils - Instantiating CacheAwareContextLoaderDelegate from class [org.springframework.test.context.cache.DefaultCacheAwareContextLoaderDelegate]
16:17:31.616 [Test worker] DEBUG org.springframework.test.context.BootstrapUtils - Instantiating BootstrapContext using constructor [public org.springframework.test.context.support.DefaultBootstrapContext(java.lang.Class,org.springframework.test.context.CacheAwareContextLoaderDelegate)]
16:17:31.675 [Test worker] DEBUG org.springframework.test.context.BootstrapUtils - Instantiating TestContextBootstrapper for test class [com.ksh.exam.springpractice1.Springpractice1ApplicationTests] from class [org.springframework.boot.test.context.SpringBootTestContextBootstrapper]
16:17:31.690 [Test worker] INFO org.springframework.boot.test.context.SpringBootTestContextBootstrapper - Neither @ContextConfiguration nor @ContextHierarchy found for test class [com.ksh.exam.springpractice1.Springpractice1ApplicationTests], using SpringBootContextLoader
16:17:31.698 [Test worker] DEBUG org.springframework.test.context.support.AbstractContextLoader - Did not detect default resource location for test class [com.ksh.exam.springpractice1.Springpractice1ApplicationTests]: class path resource [com/ksh/exam/springpractice1/Springpractice1ApplicationTests-context.xml] does not exist
16:17:31.698 [Test worker] DEBUG org.springframework.test.context.support.AbstractContextLoader - Did not detect default resource location for test class [com.ksh.exam.springpractice1.Springpractice1ApplicationTests]: class path resource [com/ksh/exam/springpractice1/Springpractice1ApplicationTestsContext.groovy] does not exist
16:17:31.698 [Test worker] INFO org.springframework.test.context.support.AbstractContextLoader - Could not detect default resource locations for test class [com.ksh.exam.springpractice1.Springpractice1ApplicationTests]: no resource found for suffixes {-context.xml, Context.groovy}.
16:17:31.699 [Test worker] INFO org.springframework.test.context.support.AnnotationConfigContextLoaderUtils - Could not detect default configuration classes for test class [com.ksh.exam.springpractice1.Springpractice1ApplicationTests]: Springpractice1ApplicationTests does not declare any static, non-private, non-final, nested classes annotated with @Configuration.
16:17:31.751 [Test worker] DEBUG org.springframework.test.context.support.ActiveProfilesUtils - Could not find an 'annotation declaring class' for annotation type [org.springframework.test.context.ActiveProfiles] and class [com.ksh.exam.springpractice1.Springpractice1ApplicationTests]
16:17:31.822 [Test worker] DEBUG org.springframework.context.annotation.ClassPathScanningCandidateComponentProvider - Identified candidate component class: file [D:\Documents\CODING\springpractice1\build\classes\java\main\com\ksh\exam\springpractice1\Springpractice1Application.class]
16:17:31.823 [Test worker] INFO org.springframework.boot.test.context.SpringBootTestContextBootstrapper - Found @SpringBootConfiguration com.ksh.exam.springpractice1.Springpractice1Application for test class com.ksh.exam.springpractice1.Springpractice1ApplicationTests
16:17:31.943 [Test worker] DEBUG org.springframework.boot.test.context.SpringBootTestContextBootstrapper - @TestExecutionListeners is not present for class [com.ksh.exam.springpractice1.Springpractice1ApplicationTests]: using defaults.
16:17:31.945 [Test worker] INFO org.springframework.boot.test.context.SpringBootTestContextBootstrapper - Loaded default TestExecutionListener class names from location [META-INF/spring.factories]: [org.springframework.security.test.context.support.WithSecurityContextTestExecutionListener, org.springframework.security.test.context.support.ReactorContextTestExecutionListener, org.springframework.boot.test.autoconfigure.restdocs.RestDocsTestExecutionListener, org.springframework.boot.test.autoconfigure.web.client.MockRestServiceServerResetTestExecutionListener, org.springframework.boot.test.autoconfigure.web.servlet.MockMvcPrintOnlyOnFailureTestExecutionListener, org.springframework.boot.test.autoconfigure.web.servlet.WebDriverTestExecutionListener, org.springframework.boot.test.autoconfigure.webservices.client.MockWebServiceServerTestExecutionListener, org.springframework.boot.test.mock.mockito.MockitoTestExecutionListener, org.springframework.boot.test.mock.mockito.ResetMocksTestExecutionListener, org.springframework.test.context.web.ServletTestExecutionListener, org.springframework.test.context.support.DirtiesContextBeforeModesTestExecutionListener, org.springframework.test.context.event.ApplicationEventsTestExecutionListener, org.springframework.test.context.support.DependencyInjectionTestExecutionListener, org.springframework.test.context.support.DirtiesContextTestExecutionListener, org.springframework.test.context.transaction.TransactionalTestExecutionListener, org.springframework.test.context.jdbc.SqlScriptsTestExecutionListener, org.springframework.test.context.event.EventPublishingTestExecutionListener]
16:17:31.972 [Test worker] INFO org.springframework.boot.test.context.SpringBootTestContextBootstrapper - Using TestExecutionListeners: [org.springframework.test.context.web.ServletTestExecutionListener@3e2822, org.springframework.test.context.support.DirtiesContextBeforeModesTestExecutionListener@79e18e38, org.springframework.test.context.event.ApplicationEventsTestExecutionListener@29a60c27, org.springframework.boot.test.mock.mockito.MockitoTestExecutionListener@1849db1a, org.springframework.boot.test.autoconfigure.SpringBootDependencyInjectionTestExecutionListener@69c79f09, org.springframework.test.context.support.DirtiesContextTestExecutionListener@1ca25c47, org.springframework.test.context.transaction.TransactionalTestExecutionListener@5fcacc0, org.springframework.test.context.jdbc.SqlScriptsTestExecutionListener@533b266e, org.springframework.security.test.context.support.WithSecurityContextTestExecutionListener@6d1d4d7, org.springframework.test.context.event.EventPublishingTestExecutionListener@89ff02e, org.springframework.security.test.context.support.ReactorContextTestExecutionListener@6865c751, org.springframework.boot.test.autoconfigure.restdocs.RestDocsTestExecutionListener@62679465, org.springframework.boot.test.autoconfigure.web.client.MockRestServiceServerResetTestExecutionListener@6a988392, org.springframework.boot.test.autoconfigure.web.servlet.MockMvcPrintOnlyOnFailureTestExecutionListener@1d71006f, org.springframework.boot.test.autoconfigure.web.servlet.WebDriverTestExecutionListener@5b6813df, org.springframework.boot.test.autoconfigure.webservices.client.MockWebServiceServerTestExecutionListener@5f2606b, org.springframework.boot.test.mock.mockito.ResetMocksTestExecutionListener@2b58f754]
16:17:31.976 [Test worker] DEBUG org.springframework.test.context.support.AbstractDirtiesContextTestExecutionListener - Before test class: context [DefaultTestContext@841e575 testClass = Springpractice1ApplicationTests, testInstance = [null], testMethod = [null], testException = [null], mergedContextConfiguration = [WebMergedContextConfiguration@27a5328c testClass = Springpractice1ApplicationTests, locations = '{}', classes = '{class com.ksh.exam.springpractice1.Springpractice1Application}', contextInitializerClasses = '[]', activeProfiles = '{}', propertySourceLocations = '{}', propertySourceProperties = '{org.springframework.boot.test.context.SpringBootTestContextBootstrapper=true}', contextCustomizers = set[org.springframework.boot.test.autoconfigure.actuate.metrics.MetricsExportContextCustomizerFactory$DisableMetricExportContextCustomizer@512535ff, org.springframework.boot.test.autoconfigure.properties.PropertyMappingContextCustomizer@0, org.springframework.boot.test.autoconfigure.web.servlet.WebDriverContextCustomizerFactory$Customizer@2a448449, org.springframework.boot.test.context.filter.ExcludeFilterContextCustomizer@2dc995f4, org.springframework.boot.test.json.DuplicateJsonObjectContextCustomizerFactory$DuplicateJsonObjectContextCustomizer@2df6226d, org.springframework.boot.test.mock.mockito.MockitoContextCustomizer@0, org.springframework.boot.test.web.client.TestRestTemplateContextCustomizer@62727399, org.springframework.boot.test.context.SpringBootTestArgs@1, org.springframework.boot.test.context.SpringBootTestWebEnvironment@543588e6], resourceBasePath = 'src/main/webapp', contextLoader = 'org.springframework.boot.test.context.SpringBootContextLoader', parent = [null]], attributes = map['org.springframework.test.context.web.ServletTestExecutionListener.activateListener' -> true]], class annotated with @DirtiesContext [false] with mode [null].

  .   ____          _            __ _ _
 /\\ / ___'_ __ _ _(_)_ __  __ _ \ \ \ \
( ( )\___ | '_ | '_| | '_ \/ _` | \ \ \ \
 \\/  ___)| |_)| | | | | || (_| |  ) ) ) )
  '  |____| .__|_| |_|_| |_\__, | / / / /
 =========|_|==============|___/=/_/_/_/
 :: Spring Boot ::               (v2.7.14)

2023-08-19 16:17:32.519  INFO 23044 --- [    Test worker] c.k.e.s.Springpractice1ApplicationTests  : Starting Springpractice1ApplicationTests using Java 17.0.6 on DESKTOP-T4VILT1 with PID 23044 (started by KSH in D:\Documents\CODING\springpractice1)
2023-08-19 16:17:32.520  INFO 23044 --- [    Test worker] c.k.e.s.Springpractice1ApplicationTests  : The following 1 profile is active: "dev"
2023-08-19 16:17:35.240  WARN 23044 --- [    Test worker] .s.s.UserDetailsServiceAutoConfiguration : 

Using generated security password: 2ce17882-6863-4175-8cb8-3532b9ef86bc

This generated password is for development use only. Your security configuration must be updated before running your application in production.

2023-08-19 16:17:35.546  INFO 23044 --- [    Test worker] o.s.s.web.DefaultSecurityFilterChain     : Will secure any request with [org.springframework.security.web.session.DisableEncodeUrlFilter@22fb9a2c, org.springframework.security.web.context.request.async.WebAsyncManagerIntegrationFilter@2084e65a, org.springframework.security.web.context.SecurityContextPersistenceFilter@26bb92e2, org.springframework.security.web.header.HeaderWriterFilter@ff0e6d4, org.springframework.security.web.csrf.CsrfFilter@49038f97, org.springframework.security.web.authentication.logout.LogoutFilter@6c5747db, org.springframework.security.web.authentication.UsernamePasswordAuthenticationFilter@41bb1f09, org.springframework.security.web.authentication.ui.DefaultLoginPageGeneratingFilter@3957d88b, org.springframework.security.web.authentication.ui.DefaultLogoutPageGeneratingFilter@1b8fa2fa, org.springframework.security.web.authentication.www.BasicAuthenticationFilter@2154652c, org.springframework.security.web.savedrequest.RequestCacheAwareFilter@cfd5cd2, org.springframework.security.web.servletapi.SecurityContextHolderAwareRequestFilter@762bf32d, org.springframework.security.web.authentication.AnonymousAuthenticationFilter@21527b8, org.springframework.security.web.session.SessionManagementFilter@537ca28e, org.springframework.security.web.access.ExceptionTranslationFilter@60dcf9ec, org.springframework.security.web.access.intercept.FilterSecurityInterceptor@44d43cc9]
2023-08-19 16:17:35.677  INFO 23044 --- [    Test worker] c.k.e.s.Springpractice1ApplicationTests  : Started Springpractice1ApplicationTests in 3.66 seconds (JVM running for 5.9)
2023-08-19 16:17:35.710  INFO 23044 --- [    Test worker] com.zaxxer.hikari.HikariDataSource       : HikariPool-1 - Starting...
2023-08-19 16:17:35.838  INFO 23044 --- [    Test worker] com.zaxxer.hikari.HikariDataSource       : HikariPool-1 - Start completed.
2023-08-19 16:17:35.845  INFO 23044 --- [    Test worker] o.s.t.c.transaction.TransactionContext   : Began transaction (1) for test context [DefaultTestContext@841e575 testClass = Springpractice1ApplicationTests, testInstance = com.ksh.exam.springpractice1.Springpractice1ApplicationTests@f4f843f, testMethod = initWrite@Springpractice1ApplicationTests, testException = [null], mergedContextConfiguration = [WebMergedContextConfiguration@27a5328c testClass = Springpractice1ApplicationTests, locations = '{}', classes = '{class com.ksh.exam.springpractice1.Springpractice1Application}', contextInitializerClasses = '[]', activeProfiles = '{}', propertySourceLocations = '{}', propertySourceProperties = '{org.springframework.boot.test.context.SpringBootTestContextBootstrapper=true}', contextCustomizers = set[org.springframework.boot.test.autoconfigure.actuate.metrics.MetricsExportContextCustomizerFactory$DisableMetricExportContextCustomizer@512535ff, org.springframework.boot.test.autoconfigure.properties.PropertyMappingContextCustomizer@0, org.springframework.boot.test.autoconfigure.web.servlet.WebDriverContextCustomizerFactory$Customizer@2a448449, org.springframework.boot.test.context.filter.ExcludeFilterContextCustomizer@2dc995f4, org.springframework.boot.test.json.DuplicateJsonObjectContextCustomizerFactory$DuplicateJsonObjectContextCustomizer@2df6226d, org.springframework.boot.test.mock.mockito.MockitoContextCustomizer@0, org.springframework.boot.test.web.client.TestRestTemplateContextCustomizer@62727399, org.springframework.boot.test.context.SpringBootTestArgs@1, org.springframework.boot.test.context.SpringBootTestWebEnvironment@543588e6], resourceBasePath = 'src/main/webapp', contextLoader = 'org.springframework.boot.test.context.SpringBootContextLoader', parent = [null]], attributes = map['org.springframework.test.context.web.ServletTestExecutionListener.activateListener' -> true, 'org.springframework.test.context.web.ServletTestExecutionListener.populatedRequestContextHolder' -> true, 'org.springframework.test.context.web.ServletTestExecutionListener.resetRequestContextHolder' -> true, 'org.springframework.test.context.event.ApplicationEventsTestExecutionListener.recordApplicationEvents' -> false]]; transaction manager [org.springframework.jdbc.support.JdbcTransactionManager@7b5833ee]; rollback [true]
2023-08-19 16:17:36.706  INFO 23044 --- [    Test worker] o.s.t.c.transaction.TransactionContext   : Rolled back transaction for test: [DefaultTestContext@841e575 testClass = Springpractice1ApplicationTests, testInstance = com.ksh.exam.springpractice1.Springpractice1ApplicationTests@f4f843f, testMethod = initWrite@Springpractice1ApplicationTests, testException = [null], mergedContextConfiguration = [WebMergedContextConfiguration@27a5328c testClass = Springpractice1ApplicationTests, locations = '{}', classes = '{class com.ksh.exam.springpractice1.Springpractice1Application}', contextInitializerClasses = '[]', activeProfiles = '{}', propertySourceLocations = '{}', propertySourceProperties = '{org.springframework.boot.test.context.SpringBootTestContextBootstrapper=true}', contextCustomizers = set[org.springframework.boot.test.autoconfigure.actuate.metrics.MetricsExportContextCustomizerFactory$DisableMetricExportContextCustomizer@512535ff, org.springframework.boot.test.autoconfigure.properties.PropertyMappingContextCustomizer@0, org.springframework.boot.test.autoconfigure.web.servlet.WebDriverContextCustomizerFactory$Customizer@2a448449, org.springframework.boot.test.context.filter.ExcludeFilterContextCustomizer@2dc995f4, org.springframework.boot.test.json.DuplicateJsonObjectContextCustomizerFactory$DuplicateJsonObjectContextCustomizer@2df6226d, org.springframework.boot.test.mock.mockito.MockitoContextCustomizer@0, org.springframework.boot.test.web.client.TestRestTemplateContextCustomizer@62727399, org.springframework.boot.test.context.SpringBootTestArgs@1, org.springframework.boot.test.context.SpringBootTestWebEnvironment@543588e6], resourceBasePath = 'src/main/webapp', contextLoader = 'org.springframework.boot.test.context.SpringBootContextLoader', parent = [null]], attributes = map['org.springframework.test.context.web.ServletTestExecutionListener.activateListener' -> true, 'org.springframework.test.context.web.ServletTestExecutionListener.populatedRequestContextHolder' -> true, 'org.springframework.test.context.web.ServletTestExecutionListener.resetRequestContextHolder' -> true, 'org.springframework.test.context.event.ApplicationEventsTestExecutionListener.recordApplicationEvents' -> false]]
2023-08-19 16:17:36.714  INFO 23044 --- [    Test worker] o.s.t.c.transaction.TransactionContext   : Began transaction (1) for test context [DefaultTestContext@841e575 testClass = Springpractice1ApplicationTests, testInstance = com.ksh.exam.springpractice1.Springpractice1ApplicationTests@6f4fc83f, testMethod = initRead@Springpractice1ApplicationTests, testException = [null], mergedContextConfiguration = [WebMergedContextConfiguration@27a5328c testClass = Springpractice1ApplicationTests, locations = '{}', classes = '{class com.ksh.exam.springpractice1.Springpractice1Application}', contextInitializerClasses = '[]', activeProfiles = '{}', propertySourceLocations = '{}', propertySourceProperties = '{org.springframework.boot.test.context.SpringBootTestContextBootstrapper=true}', contextCustomizers = set[org.springframework.boot.test.autoconfigure.actuate.metrics.MetricsExportContextCustomizerFactory$DisableMetricExportContextCustomizer@512535ff, org.springframework.boot.test.autoconfigure.properties.PropertyMappingContextCustomizer@0, org.springframework.boot.test.autoconfigure.web.servlet.WebDriverContextCustomizerFactory$Customizer@2a448449, org.springframework.boot.test.context.filter.ExcludeFilterContextCustomizer@2dc995f4, org.springframework.boot.test.json.DuplicateJsonObjectContextCustomizerFactory$DuplicateJsonObjectContextCustomizer@2df6226d, org.springframework.boot.test.mock.mockito.MockitoContextCustomizer@0, org.springframework.boot.test.web.client.TestRestTemplateContextCustomizer@62727399, org.springframework.boot.test.context.SpringBootTestArgs@1, org.springframework.boot.test.context.SpringBootTestWebEnvironment@543588e6], resourceBasePath = 'src/main/webapp', contextLoader = 'org.springframework.boot.test.context.SpringBootContextLoader', parent = [null]], attributes = map['org.springframework.test.context.web.ServletTestExecutionListener.activateListener' -> true, 'org.springframework.test.context.web.ServletTestExecutionListener.populatedRequestContextHolder' -> true, 'org.springframework.test.context.web.ServletTestExecutionListener.resetRequestContextHolder' -> true, 'org.springframework.test.context.event.ApplicationEventsTestExecutionListener.recordApplicationEvents' -> false]]; transaction manager [org.springframework.jdbc.support.JdbcTransactionManager@7b5833ee]; rollback [true]
[Article(id=1, subject=제목1, content=내용1)]
2023-08-19 16:17:36.726  INFO 23044 --- [    Test worker] o.s.t.c.transaction.TransactionContext   : Rolled back transaction for test: [DefaultTestContext@841e575 testClass = Springpractice1ApplicationTests, testInstance = com.ksh.exam.springpractice1.Springpractice1ApplicationTests@6f4fc83f, testMethod = initRead@Springpractice1ApplicationTests, testException = [null], mergedContextConfiguration = [WebMergedContextConfiguration@27a5328c testClass = Springpractice1ApplicationTests, locations = '{}', classes = '{class com.ksh.exam.springpractice1.Springpractice1Application}', contextInitializerClasses = '[]', activeProfiles = '{}', propertySourceLocations = '{}', propertySourceProperties = '{org.springframework.boot.test.context.SpringBootTestContextBootstrapper=true}', contextCustomizers = set[org.springframework.boot.test.autoconfigure.actuate.metrics.MetricsExportContextCustomizerFactory$DisableMetricExportContextCustomizer@512535ff, org.springframework.boot.test.autoconfigure.properties.PropertyMappingContextCustomizer@0, org.springframework.boot.test.autoconfigure.web.servlet.WebDriverContextCustomizerFactory$Customizer@2a448449, org.springframework.boot.test.context.filter.ExcludeFilterContextCustomizer@2dc995f4, org.springframework.boot.test.json.DuplicateJsonObjectContextCustomizerFactory$DuplicateJsonObjectContextCustomizer@2df6226d, org.springframework.boot.test.mock.mockito.MockitoContextCustomizer@0, org.springframework.boot.test.web.client.TestRestTemplateContextCustomizer@62727399, org.springframework.boot.test.context.SpringBootTestArgs@1, org.springframework.boot.test.context.SpringBootTestWebEnvironment@543588e6], resourceBasePath = 'src/main/webapp', contextLoader = 'org.springframework.boot.test.context.SpringBootContextLoader', parent = [null]], attributes = map['org.springframework.test.context.web.ServletTestExecutionListener.activateListener' -> true, 'org.springframework.test.context.web.ServletTestExecutionListener.populatedRequestContextHolder' -> true, 'org.springframework.test.context.web.ServletTestExecutionListener.resetRequestContextHolder' -> true, 'org.springframework.test.context.event.ApplicationEventsTestExecutionListener.recordApplicationEvents' -> false]]
2023-08-19 16:17:36.730  INFO 23044 --- [    Test worker] o.s.t.c.transaction.TransactionContext   : Began transaction (1) for test context [DefaultTestContext@841e575 testClass = Springpractice1ApplicationTests, testInstance = com.ksh.exam.springpractice1.Springpractice1ApplicationTests@51f4439e, testMethod = readOne@Springpractice1ApplicationTests, testException = [null], mergedContextConfiguration = [WebMergedContextConfiguration@27a5328c testClass = Springpractice1ApplicationTests, locations = '{}', classes = '{class com.ksh.exam.springpractice1.Springpractice1Application}', contextInitializerClasses = '[]', activeProfiles = '{}', propertySourceLocations = '{}', propertySourceProperties = '{org.springframework.boot.test.context.SpringBootTestContextBootstrapper=true}', contextCustomizers = set[org.springframework.boot.test.autoconfigure.actuate.metrics.MetricsExportContextCustomizerFactory$DisableMetricExportContextCustomizer@512535ff, org.springframework.boot.test.autoconfigure.properties.PropertyMappingContextCustomizer@0, org.springframework.boot.test.autoconfigure.web.servlet.WebDriverContextCustomizerFactory$Customizer@2a448449, org.springframework.boot.test.context.filter.ExcludeFilterContextCustomizer@2dc995f4, org.springframework.boot.test.json.DuplicateJsonObjectContextCustomizerFactory$DuplicateJsonObjectContextCustomizer@2df6226d, org.springframework.boot.test.mock.mockito.MockitoContextCustomizer@0, org.springframework.boot.test.web.client.TestRestTemplateContextCustomizer@62727399, org.springframework.boot.test.context.SpringBootTestArgs@1, org.springframework.boot.test.context.SpringBootTestWebEnvironment@543588e6], resourceBasePath = 'src/main/webapp', contextLoader = 'org.springframework.boot.test.context.SpringBootContextLoader', parent = [null]], attributes = map['org.springframework.test.context.web.ServletTestExecutionListener.activateListener' -> true, 'org.springframework.test.context.web.ServletTestExecutionListener.populatedRequestContextHolder' -> true, 'org.springframework.test.context.web.ServletTestExecutionListener.resetRequestContextHolder' -> true, 'org.springframework.test.context.event.ApplicationEventsTestExecutionListener.recordApplicationEvents' -> false]]; transaction manager [org.springframework.jdbc.support.JdbcTransactionManager@7b5833ee]; rollback [true]
2023-08-19 16:17:36.739  INFO 23044 --- [    Test worker] o.s.t.c.transaction.TransactionContext   : Rolled back transaction for test: [DefaultTestContext@841e575 testClass = Springpractice1ApplicationTests, testInstance = com.ksh.exam.springpractice1.Springpractice1ApplicationTests@51f4439e, testMethod = readOne@Springpractice1ApplicationTests, testException = [null], mergedContextConfiguration = [WebMergedContextConfiguration@27a5328c testClass = Springpractice1ApplicationTests, locations = '{}', classes = '{class com.ksh.exam.springpractice1.Springpractice1Application}', contextInitializerClasses = '[]', activeProfiles = '{}', propertySourceLocations = '{}', propertySourceProperties = '{org.springframework.boot.test.context.SpringBootTestContextBootstrapper=true}', contextCustomizers = set[org.springframework.boot.test.autoconfigure.actuate.metrics.MetricsExportContextCustomizerFactory$DisableMetricExportContextCustomizer@512535ff, org.springframework.boot.test.autoconfigure.properties.PropertyMappingContextCustomizer@0, org.springframework.boot.test.autoconfigure.web.servlet.WebDriverContextCustomizerFactory$Customizer@2a448449, org.springframework.boot.test.context.filter.ExcludeFilterContextCustomizer@2dc995f4, org.springframework.boot.test.json.DuplicateJsonObjectContextCustomizerFactory$DuplicateJsonObjectContextCustomizer@2df6226d, org.springframework.boot.test.mock.mockito.MockitoContextCustomizer@0, org.springframework.boot.test.web.client.TestRestTemplateContextCustomizer@62727399, org.springframework.boot.test.context.SpringBootTestArgs@1, org.springframework.boot.test.context.SpringBootTestWebEnvironment@543588e6], resourceBasePath = 'src/main/webapp', contextLoader = 'org.springframework.boot.test.context.SpringBootContextLoader', parent = [null]], attributes = map['org.springframework.test.context.web.ServletTestExecutionListener.activateListener' -> true, 'org.springframework.test.context.web.ServletTestExecutionListener.populatedRequestContextHolder' -> true, 'org.springframework.test.context.web.ServletTestExecutionListener.resetRequestContextHolder' -> true, 'org.springframework.test.context.event.ApplicationEventsTestExecutionListener.recordApplicationEvents' -> false]]
2023-08-19 16:17:36.742  INFO 23044 --- [    Test worker] o.s.t.c.transaction.TransactionContext   : Began transaction (1) for test context [DefaultTestContext@841e575 testClass = Springpractice1ApplicationTests, testInstance = com.ksh.exam.springpractice1.Springpractice1ApplicationTests@8315e4a, testMethod = searchBySubject@Springpractice1ApplicationTests, testException = [null], mergedContextConfiguration = [WebMergedContextConfiguration@27a5328c testClass = Springpractice1ApplicationTests, locations = '{}', classes = '{class com.ksh.exam.springpractice1.Springpractice1Application}', contextInitializerClasses = '[]', activeProfiles = '{}', propertySourceLocations = '{}', propertySourceProperties = '{org.springframework.boot.test.context.SpringBootTestContextBootstrapper=true}', contextCustomizers = set[org.springframework.boot.test.autoconfigure.actuate.metrics.MetricsExportContextCustomizerFactory$DisableMetricExportContextCustomizer@512535ff, org.springframework.boot.test.autoconfigure.properties.PropertyMappingContextCustomizer@0, org.springframework.boot.test.autoconfigure.web.servlet.WebDriverContextCustomizerFactory$Customizer@2a448449, org.springframework.boot.test.context.filter.ExcludeFilterContextCustomizer@2dc995f4, org.springframework.boot.test.json.DuplicateJsonObjectContextCustomizerFactory$DuplicateJsonObjectContextCustomizer@2df6226d, org.springframework.boot.test.mock.mockito.MockitoContextCustomizer@0, org.springframework.boot.test.web.client.TestRestTemplateContextCustomizer@62727399, org.springframework.boot.test.context.SpringBootTestArgs@1, org.springframework.boot.test.context.SpringBootTestWebEnvironment@543588e6], resourceBasePath = 'src/main/webapp', contextLoader = 'org.springframework.boot.test.context.SpringBootContextLoader', parent = [null]], attributes = map['org.springframework.test.context.web.ServletTestExecutionListener.activateListener' -> true, 'org.springframework.test.context.web.ServletTestExecutionListener.populatedRequestContextHolder' -> true, 'org.springframework.test.context.web.ServletTestExecutionListener.resetRequestContextHolder' -> true, 'org.springframework.test.context.event.ApplicationEventsTestExecutionListener.recordApplicationEvents' -> false]]; transaction manager [org.springframework.jdbc.support.JdbcTransactionManager@7b5833ee]; rollback [true]
2023-08-19 16:17:36.782  INFO 23044 --- [    Test worker] o.s.t.c.transaction.TransactionContext   : Rolled back transaction for test: [DefaultTestContext@841e575 testClass = Springpractice1ApplicationTests, testInstance = com.ksh.exam.springpractice1.Springpractice1ApplicationTests@8315e4a, testMethod = searchBySubject@Springpractice1ApplicationTests, testException = [null], mergedContextConfiguration = [WebMergedContextConfiguration@27a5328c testClass = Springpractice1ApplicationTests, locations = '{}', classes = '{class com.ksh.exam.springpractice1.Springpractice1Application}', contextInitializerClasses = '[]', activeProfiles = '{}', propertySourceLocations = '{}', propertySourceProperties = '{org.springframework.boot.test.context.SpringBootTestContextBootstrapper=true}', contextCustomizers = set[org.springframework.boot.test.autoconfigure.actuate.metrics.MetricsExportContextCustomizerFactory$DisableMetricExportContextCustomizer@512535ff, org.springframework.boot.test.autoconfigure.properties.PropertyMappingContextCustomizer@0, org.springframework.boot.test.autoconfigure.web.servlet.WebDriverContextCustomizerFactory$Customizer@2a448449, org.springframework.boot.test.context.filter.ExcludeFilterContextCustomizer@2dc995f4, org.springframework.boot.test.json.DuplicateJsonObjectContextCustomizerFactory$DuplicateJsonObjectContextCustomizer@2df6226d, org.springframework.boot.test.mock.mockito.MockitoContextCustomizer@0, org.springframework.boot.test.web.client.TestRestTemplateContextCustomizer@62727399, org.springframework.boot.test.context.SpringBootTestArgs@1, org.springframework.boot.test.context.SpringBootTestWebEnvironment@543588e6], resourceBasePath = 'src/main/webapp', contextLoader = 'org.springframework.boot.test.context.SpringBootContextLoader', parent = [null]], attributes = map['org.springframework.test.context.web.ServletTestExecutionListener.activateListener' -> true, 'org.springframework.test.context.web.ServletTestExecutionListener.populatedRequestContextHolder' -> true, 'org.springframework.test.context.web.ServletTestExecutionListener.resetRequestContextHolder' -> true, 'org.springframework.test.context.event.ApplicationEventsTestExecutionListener.recordApplicationEvents' -> false]]
]]></system-out>
  <system-err><![CDATA[]]></system-err>
</testsuite>
